

============================== 2022-11-27 18:00:50.160425 | 5a45da09-5001-4a0a-bedf-dbec5fea602f ==============================
[0m18:00:50.160442 [info ] [MainThread]: Running with dbt=1.2.0
[0m18:00:50.161380 [debug] [MainThread]: running dbt with arguments {'write_json': True, 'use_colors': True, 'printer_width': 80, 'version_check': True, 'partial_parse': True, 'static_parser': True, 'profiles_dir': '/home/gitpod/.dbt', 'send_anonymous_usage_stats': True, 'event_buffer_size': 100000, 'quiet': False, 'no_print': False, 'skip_profile_setup': False, 'which': 'init', 'indirect_selection': 'eager'}
[0m18:00:50.161710 [debug] [MainThread]: Tracking: tracking
[0m18:00:50.214768 [debug] [MainThread]: Sending event: {'category': 'dbt', 'action': 'invocation', 'label': 'start', 'context': [<snowplow_tracker.self_describing_json.SelfDescribingJson object at 0x7f3ab69f5a00>, <snowplow_tracker.self_describing_json.SelfDescribingJson object at 0x7f3ab69f57c0>, <snowplow_tracker.self_describing_json.SelfDescribingJson object at 0x7f3ab69f57f0>]}
[0m18:00:50.215426 [info ] [MainThread]: Creating dbt configuration folder at /home/gitpod/.dbt
[0m18:01:30.097317 [info ] [MainThread]: A project called jaffle already exists here.
[0m18:01:30.098106 [debug] [MainThread]: Sending event: {'category': 'dbt', 'action': 'invocation', 'label': 'end', 'context': [<snowplow_tracker.self_describing_json.SelfDescribingJson object at 0x7f3ab69f55b0>, <snowplow_tracker.self_describing_json.SelfDescribingJson object at 0x7f3ab69f59a0>, <snowplow_tracker.self_describing_json.SelfDescribingJson object at 0x7f3ab69f5670>]}


============================== 2022-11-27 18:03:32.508424 | b0ab61b4-533c-487e-9fdd-bbad2fa36c4c ==============================
[0m18:03:32.508438 [info ] [MainThread]: Running with dbt=1.2.0
[0m18:03:32.509152 [debug] [MainThread]: running dbt with arguments {'write_json': True, 'use_colors': True, 'printer_width': 80, 'version_check': True, 'partial_parse': True, 'static_parser': True, 'profiles_dir': '/home/gitpod/.dbt', 'send_anonymous_usage_stats': True, 'event_buffer_size': 100000, 'quiet': False, 'no_print': False, 'skip_profile_setup': False, 'which': 'init', 'indirect_selection': 'eager'}
[0m18:03:32.509490 [debug] [MainThread]: Tracking: tracking
[0m18:03:32.558541 [debug] [MainThread]: Sending event: {'category': 'dbt', 'action': 'invocation', 'label': 'start', 'context': [<snowplow_tracker.self_describing_json.SelfDescribingJson object at 0x7fcba4dbaa90>, <snowplow_tracker.self_describing_json.SelfDescribingJson object at 0x7fcba4dba820>, <snowplow_tracker.self_describing_json.SelfDescribingJson object at 0x7fcba4dba850>]}
[0m18:03:46.409851 [debug] [MainThread]: Starter project path: /workspace/swu-ds525/06-analytics-engineering/ENV/lib/python3.8/site-packages/dbt/include/starter_project
[0m18:04:02.642943 [info ] [MainThread]: Profile jaffle written to /home/gitpod/.dbt/profiles.yml using target's sample configuration. Once updated, you'll be able to start developing with dbt.
[0m18:04:02.643567 [info ] [MainThread]: 
Your new dbt project "jaffle" was created!

For more information on how to configure the profiles.yml file,
please consult the dbt documentation here:

  https://docs.getdbt.com/docs/configure-your-profile

One more thing:

Need help? Don't hesitate to reach out to us via GitHub issues or on Slack:

  https://community.getdbt.com/

Happy modeling!

[0m18:04:02.644192 [debug] [MainThread]: Sending event: {'category': 'dbt', 'action': 'invocation', 'label': 'end', 'context': [<snowplow_tracker.self_describing_json.SelfDescribingJson object at 0x7fcba35b6280>, <snowplow_tracker.self_describing_json.SelfDescribingJson object at 0x7fcba35b62e0>, <snowplow_tracker.self_describing_json.SelfDescribingJson object at 0x7fcba35b6340>]}


============================== 2022-11-27 18:07:11.245913 | 8dba034e-ad97-4643-9a8e-bd452e04c300 ==============================
[0m18:07:11.245925 [info ] [MainThread]: Running with dbt=1.2.0
[0m18:07:11.246515 [debug] [MainThread]: running dbt with arguments {'write_json': True, 'use_colors': True, 'printer_width': 80, 'version_check': True, 'partial_parse': True, 'static_parser': True, 'profiles_dir': '/home/gitpod/.dbt', 'send_anonymous_usage_stats': True, 'event_buffer_size': 100000, 'quiet': False, 'no_print': False, 'config_dir': False, 'which': 'debug', 'indirect_selection': 'eager'}
[0m18:07:11.246768 [debug] [MainThread]: Tracking: tracking
[0m18:07:11.293573 [debug] [MainThread]: Sending event: {'category': 'dbt', 'action': 'invocation', 'label': 'start', 'context': [<snowplow_tracker.self_describing_json.SelfDescribingJson object at 0x7fef1aa65220>, <snowplow_tracker.self_describing_json.SelfDescribingJson object at 0x7fef1aa65190>, <snowplow_tracker.self_describing_json.SelfDescribingJson object at 0x7fef1aa650a0>]}
[0m18:07:11.337331 [debug] [MainThread]: Executing "git --help"
[0m18:07:11.353628 [debug] [MainThread]: STDOUT: "b"usage: git [-v | --version] [-h | --help] [-C <path>] [-c <name>=<value>]\n           [--exec-path[=<path>]] [--html-path] [--man-path] [--info-path]\n           [-p | --paginate | -P | --no-pager] [--no-replace-objects] [--bare]\n           [--git-dir=<path>] [--work-tree=<path>] [--namespace=<name>]\n           [--super-prefix=<path>] [--config-env=<name>=<envvar>]\n           <command> [<args>]\n\nThese are common Git commands used in various situations:\n\nstart a working area (see also: git help tutorial)\n   clone     Clone a repository into a new directory\n   init      Create an empty Git repository or reinitialize an existing one\n\nwork on the current change (see also: git help everyday)\n   add       Add file contents to the index\n   mv        Move or rename a file, a directory, or a symlink\n   restore   Restore working tree files\n   rm        Remove files from the working tree and from the index\n\nexamine the history and state (see also: git help revisions)\n   bisect    Use binary search to find the commit that introduced a bug\n   diff      Show changes between commits, commit and working tree, etc\n   grep      Print lines matching a pattern\n   log       Show commit logs\n   show      Show various types of objects\n   status    Show the working tree status\n\ngrow, mark and tweak your common history\n   branch    List, create, or delete branches\n   commit    Record changes to the repository\n   merge     Join two or more development histories together\n   rebase    Reapply commits on top of another base tip\n   reset     Reset current HEAD to the specified state\n   switch    Switch branches\n   tag       Create, list, delete or verify a tag object signed with GPG\n\ncollaborate (see also: git help workflows)\n   fetch     Download objects and refs from another repository\n   pull      Fetch from and integrate with another repository or a local branch\n   push      Update remote refs along with associated objects\n\n'git help -a' and 'git help -g' list available subcommands and some\nconcept guides. See 'git help <command>' or 'git help <concept>'\nto read about a specific subcommand or concept.\nSee 'git help git' for an overview of the system.\n""
[0m18:07:11.354167 [debug] [MainThread]: STDERR: "b''"
[0m18:07:11.354706 [debug] [MainThread]: Sending event: {'category': 'dbt', 'action': 'invocation', 'label': 'end', 'context': [<snowplow_tracker.self_describing_json.SelfDescribingJson object at 0x7fef1aa65280>, <snowplow_tracker.self_describing_json.SelfDescribingJson object at 0x7fef192747c0>, <snowplow_tracker.self_describing_json.SelfDescribingJson object at 0x7fef19274730>]}
